This is pdfTeX, Version 3.14159265-2.6-1.40.17 (MiKTeX 2.9.6100 64-bit) (preloaded format=pdflatex 2016.11.17)  17 NOV 2016 16:49
entering extended mode
**C:/Users/Farzad/Desktop/csc411-a2/hw2-411-result.tex
(C:/Users/Farzad/Desktop/csc411-a2/hw2-411-result.tex
LaTeX2e <2016/03/31> patch level 3
Babel <3.9r> and hyphenation patterns for 75 language(s) loaded.
("C:\Program Files\MiKTeX 2.9\tex\latex\base\article.cls"
Document Class: article 2014/09/29 v1.4h Standard LaTeX document class
("C:\Program Files\MiKTeX 2.9\tex\latex\base\size12.clo"
File: size12.clo 2014/09/29 v1.4h Standard LaTeX file (size option)
)
\c@part=\count79
\c@section=\count80
\c@subsection=\count81
\c@subsubsection=\count82
\c@paragraph=\count83
\c@subparagraph=\count84
\c@figure=\count85
\c@table=\count86
\abovecaptionskip=\skip41
\belowcaptionskip=\skip42
\bibindent=\dimen102
)
("C:\Program Files\MiKTeX 2.9\tex\latex\preprint\fullpage.sty"
Package: fullpage 1999/02/23 1.1 (PWD)
\FP@margin=\skip43
)
("C:\Program Files\MiKTeX 2.9\tex\latex\graphics\epsfig.sty"
Package: epsfig 1999/02/16 v1.7a (e)psfig emulation (SPQR)

("C:\Program Files\MiKTeX 2.9\tex\latex\graphics\graphicx.sty"
Package: graphicx 2014/10/28 v1.0g Enhanced LaTeX Graphics (DPC,SPQR)

("C:\Program Files\MiKTeX 2.9\tex\latex\graphics\keyval.sty"
Package: keyval 2014/10/28 v1.15 key=value parser (DPC)
\KV@toks@=\toks14
)
("C:\Program Files\MiKTeX 2.9\tex\latex\graphics\graphics.sty"
Package: graphics 2016/07/10 v1.0t Standard LaTeX Graphics (DPC,SPQR)

("C:\Program Files\MiKTeX 2.9\tex\latex\graphics\trig.sty"
Package: trig 2016/01/03 v1.10 sin cos tan (DPC)
)
("C:\Program Files\MiKTeX 2.9\tex\latex\graphics-cfg\graphics.cfg"
File: graphics.cfg 2016/06/04 v1.11 sample graphics configuration
)
Package graphics Info: Driver file: pdftex.def on input line 99.

("C:\Program Files\MiKTeX 2.9\tex\latex\graphics-def\pdftex.def"
File: pdftex.def 2016/07/10 v0.06j Graphics/color for pdfTeX

("C:\Program Files\MiKTeX 2.9\tex\generic\oberdiek\infwarerr.sty"
Package: infwarerr 2016/05/16 v1.4 Providing info/warning/error messages (HO)
)
("C:\Program Files\MiKTeX 2.9\tex\generic\oberdiek\ltxcmds.sty"
Package: ltxcmds 2016/05/16 v1.23 LaTeX kernel commands for general use (HO)
)
\Gread@gobject=\count87
))
\Gin@req@height=\dimen103
\Gin@req@width=\dimen104
)
\epsfxsize=\dimen105
\epsfysize=\dimen106
)
("C:\Program Files\MiKTeX 2.9\tex\latex\amsmath\amsmath.sty"
Package: amsmath 2016/06/28 v2.15d AMS math features
\@mathmargin=\skip44

For additional information on amsmath, use the `?' option.
("C:\Program Files\MiKTeX 2.9\tex\latex\amsmath\amstext.sty"
Package: amstext 2000/06/29 v2.01 AMS text

("C:\Program Files\MiKTeX 2.9\tex\latex\amsmath\amsgen.sty"
File: amsgen.sty 1999/11/30 v2.0 generic functions
\@emptytoks=\toks15
\ex@=\dimen107
))
("C:\Program Files\MiKTeX 2.9\tex\latex\amsmath\amsbsy.sty"
Package: amsbsy 1999/11/29 v1.2d Bold Symbols
\pmbraise@=\dimen108
)
("C:\Program Files\MiKTeX 2.9\tex\latex\amsmath\amsopn.sty"
Package: amsopn 2016/03/08 v2.02 operator names
)
\inf@bad=\count88
LaTeX Info: Redefining \frac on input line 199.
\uproot@=\count89
\leftroot@=\count90
LaTeX Info: Redefining \overline on input line 297.
\classnum@=\count91
\DOTSCASE@=\count92
LaTeX Info: Redefining \ldots on input line 394.
LaTeX Info: Redefining \dots on input line 397.
LaTeX Info: Redefining \cdots on input line 518.
\Mathstrutbox@=\box26
\strutbox@=\box27
\big@size=\dimen109
LaTeX Font Info:    Redeclaring font encoding OML on input line 634.
LaTeX Font Info:    Redeclaring font encoding OMS on input line 635.
\macc@depth=\count93
\c@MaxMatrixCols=\count94
\dotsspace@=\muskip10
\c@parentequation=\count95
\dspbrk@lvl=\count96
\tag@help=\toks16
\row@=\count97
\column@=\count98
\maxfields@=\count99
\andhelp@=\toks17
\eqnshift@=\dimen110
\alignsep@=\dimen111
\tagshift@=\dimen112
\tagwidth@=\dimen113
\totwidth@=\dimen114
\lineht@=\dimen115
\@envbody=\toks18
\multlinegap=\skip45
\multlinetaggap=\skip46
\mathdisplay@stack=\toks19
LaTeX Info: Redefining \[ on input line 2739.
LaTeX Info: Redefining \] on input line 2740.
)
("C:\Program Files\MiKTeX 2.9\tex\latex\amsfonts\amssymb.sty"
Package: amssymb 2013/01/14 v3.01 AMS font symbols

("C:\Program Files\MiKTeX 2.9\tex\latex\amsfonts\amsfonts.sty"
Package: amsfonts 2013/01/14 v3.01 Basic AMSFonts support
\symAMSa=\mathgroup4
\symAMSb=\mathgroup5
LaTeX Font Info:    Overwriting math alphabet `\mathfrak' in version `bold'
(Font)                  U/euf/m/n --> U/euf/b/n on input line 106.
))
("C:\Program Files\MiKTeX 2.9\tex\latex\url\url.sty"
\Urlmuskip=\muskip11
Package: url 2013/09/16  ver 3.4  Verb mode for urls, etc.
) (hw2-411-result.aux

LaTeX Warning: Label `dermu' multiply defined.


LaTeX Warning: Label `derSig' multiply defined.


LaTeX Warning: Label `derSig' multiply defined.


LaTeX Warning: Label `derSig' multiply defined.


LaTeX Warning: Label `f31_a' multiply defined.


LaTeX Warning: Label `res' multiply defined.


LaTeX Warning: Label `res' multiply defined.

)
\openout1 = `hw2-411-result.aux'.

LaTeX Font Info:    Checking defaults for OML/cmm/m/it on input line 52.
LaTeX Font Info:    ... okay on input line 52.
LaTeX Font Info:    Checking defaults for T1/cmr/m/n on input line 52.
LaTeX Font Info:    ... okay on input line 52.
LaTeX Font Info:    Checking defaults for OT1/cmr/m/n on input line 52.
LaTeX Font Info:    ... okay on input line 52.
LaTeX Font Info:    Checking defaults for OMS/cmsy/m/n on input line 52.
LaTeX Font Info:    ... okay on input line 52.
LaTeX Font Info:    Checking defaults for OMX/cmex/m/n on input line 52.
LaTeX Font Info:    ... okay on input line 52.
LaTeX Font Info:    Checking defaults for U/cmr/m/n on input line 52.
LaTeX Font Info:    ... okay on input line 52.
 ("C:\Program Files\MiKTeX 2.9\tex\context\base\supp-pdf.mkii"
[Loading MPS to PDF converter (version 2006.09.02).]
\scratchcounter=\count100
\scratchdimen=\dimen116
\scratchbox=\box28
\nofMPsegments=\count101
\nofMParguments=\count102
\everyMPshowfont=\toks20
\MPscratchCnt=\count103
\MPscratchDim=\dimen117
\MPnumerator=\count104
\makeMPintoPDFobject=\count105
\everyMPtoPDFconversion=\toks21
) ("C:\Program Files\MiKTeX 2.9\tex\generic\oberdiek\pdftexcmds.sty"
Package: pdftexcmds 2016/05/21 v0.22 Utility functions of pdfTeX for LuaTeX (HO
)

("C:\Program Files\MiKTeX 2.9\tex\generic\oberdiek\ifluatex.sty"
Package: ifluatex 2016/05/16 v1.4 Provides the ifluatex switch (HO)
Package ifluatex Info: LuaTeX not detected.
)
("C:\Program Files\MiKTeX 2.9\tex\generic\oberdiek\ifpdf.sty"
Package: ifpdf 2016/05/14 v3.1 Provides the ifpdf switch
)
Package pdftexcmds Info: LuaTeX not detected.
Package pdftexcmds Info: \pdf@primitive is available.
Package pdftexcmds Info: \pdf@ifprimitive is available.
Package pdftexcmds Info: \pdfdraftmode found.
)
("C:\Program Files\MiKTeX 2.9\tex\latex\oberdiek\epstopdf-base.sty"
Package: epstopdf-base 2016/05/15 v2.6 Base part for package epstopdf

("C:\Program Files\MiKTeX 2.9\tex\latex\oberdiek\grfext.sty"
Package: grfext 2016/05/16 v1.2 Manage graphics extensions (HO)

("C:\Program Files\MiKTeX 2.9\tex\generic\oberdiek\kvdefinekeys.sty"
Package: kvdefinekeys 2016/05/16 v1.4 Define keys (HO)
))
("C:\Program Files\MiKTeX 2.9\tex\latex\oberdiek\kvoptions.sty"
Package: kvoptions 2016/05/16 v3.12 Key value format for package options (HO)

("C:\Program Files\MiKTeX 2.9\tex\generic\oberdiek\kvsetkeys.sty"
Package: kvsetkeys 2016/05/16 v1.17 Key value parser (HO)

("C:\Program Files\MiKTeX 2.9\tex\generic\oberdiek\etexcmds.sty"
Package: etexcmds 2016/05/16 v1.6 Avoid name clashes with e-TeX commands (HO)
Package etexcmds Info: Could not find \expanded.
(etexcmds)             That can mean that you are not using pdfTeX 1.50 or
(etexcmds)             that some package has redefined \expanded.
(etexcmds)             In the latter case, load this package earlier.
)))
Package epstopdf-base Info: Redefining graphics rule for `.eps' on input line 4
38.
Package grfext Info: Graphics extension search list:
(grfext)             [.png,.pdf,.jpg,.mps,.jpeg,.jbig2,.jb2,.PNG,.PDF,.JPG,.JPE
G,.JBIG2,.JB2,.eps]
(grfext)             \AppendGraphicsExtensions on input line 456.
)
LaTeX Font Info:    Try loading font information for U+msa on input line 67.

("C:\Program Files\MiKTeX 2.9\tex\latex\amsfonts\umsa.fd"
File: umsa.fd 2013/01/14 v3.01 AMS symbols A
)
LaTeX Font Info:    Try loading font information for U+msb on input line 67.

("C:\Program Files\MiKTeX 2.9\tex\latex\amsfonts\umsb.fd"
File: umsb.fd 2013/01/14 v3.01 AMS symbols B
) [1

{C:/ProgramData/MiKTeX/2.9/pdftex/config/pdftex.map}]
Overfull \hbox (10.1347pt too wide) in paragraph at lines 123--123
[] 
 []

[2]
Overfull \hbox (27.37788pt too wide) in paragraph at lines 134--134
[] 
 []

[3] [4] <2/Image.jpg, id=27, 1514.65875pt x 2393.94376pt>
File: 2/Image.jpg Graphic file (type jpg)
 <use 2/Image.jpg>
Package pdftex.def Info: 2/Image.jpg used on input line 168.
(pdftex.def)             Requested size: 328.82706pt x 519.6923pt.

[5 <./2/Image.jpg>] <31/nnA.jpg, id=31, 602.25pt x 449.42906pt>
File: 31/nnA.jpg Graphic file (type jpg)

<use 31/nnA.jpg>
Package pdftex.def Info: 31/nnA.jpg used on input line 184.
(pdftex.def)             Requested size: 187.89912pt x 140.21992pt.
 <31/cnnA.jpg, id=32, 602.25pt x 449.42906pt>
File: 31/cnnA.jpg Graphic file (type jpg)

<use 31/cnnA.jpg>
Package pdftex.def Info: 31/cnnA.jpg used on input line 185.
(pdftex.def)             Requested size: 187.89912pt x 140.21992pt.
 <31/nnE.jpg, id=33, 602.25pt x 449.42906pt>
File: 31/nnE.jpg Graphic file (type jpg)
 <use 31/nnE.jpg>
Package pdftex.def Info: 31/nnE.jpg used on input line 194.
(pdftex.def)             Requested size: 187.89912pt x 140.21992pt.

<31/cnnE.jpg, id=34, 602.25pt x 449.42906pt>
File: 31/cnnE.jpg Graphic file (type jpg)
 <use 31/cnnE.jpg>
Package pdftex.def Info: 31/cnnE.jpg used on input line 195.
(pdftex.def)             Requested size: 187.89912pt x 140.21992pt.
 [6 <./31/nnA.jpg> <./31/cnnA.jpg> <./31/nnE.jpg> <./31/cnnE.jpg>]
<32/eps/nn/0001A.png, id=38, 578.16pt x 431.4519pt>
File: 32/eps/nn/0001A.png Graphic file (type png)
 <use 32/eps/nn/0001A.png>
Package pdftex.def Info: 32/eps/nn/0001A.png used on input line 208.
(pdftex.def)             Requested size: 108.04163pt x 80.62053pt.

<32/eps/nn/001A.png, id=40, 578.16pt x 431.4519pt>
File: 32/eps/nn/001A.png Graphic file (type png)
 <use 32/eps/nn/001A.png>
Package pdftex.def Info: 32/eps/nn/001A.png used on input line 209.
(pdftex.def)             Requested size: 108.04163pt x 80.62053pt.

<32/eps/nn/01A.png, id=41, 578.16pt x 431.4519pt>
File: 32/eps/nn/01A.png Graphic file (type png)
 <use 32/eps/nn/01A.png>
Package pdftex.def Info: 32/eps/nn/01A.png used on input line 210.
(pdftex.def)             Requested size: 108.04163pt x 80.62053pt.

<32/eps/nn/1A.png, id=42, 578.16pt x 431.4519pt>
File: 32/eps/nn/1A.png Graphic file (type png)
 <use 32/eps/nn/1A.png>
Package pdftex.def Info: 32/eps/nn/1A.png used on input line 211.
(pdftex.def)             Requested size: 108.04163pt x 80.62053pt.

<32/eps/cnn/0001A.png, id=43, 578.16pt x 431.4519pt>
File: 32/eps/cnn/0001A.png Graphic file (type png)

<use 32/eps/cnn/0001A.png>
Package pdftex.def Info: 32/eps/cnn/0001A.png used on input line 213.
(pdftex.def)             Requested size: 108.04163pt x 80.62053pt.
 <32/eps/cnn/001A.png, id=44, 578.16pt x 431.4519pt>
File: 32/eps/cnn/001A.png Graphic file (type png)

<use 32/eps/cnn/001A.png>
Package pdftex.def Info: 32/eps/cnn/001A.png used on input line 214.
(pdftex.def)             Requested size: 108.04163pt x 80.62053pt.
 <32/eps/cnn/01A.png, id=45, 578.16pt x 431.4519pt>
File: 32/eps/cnn/01A.png Graphic file (type png)

<use 32/eps/cnn/01A.png>
Package pdftex.def Info: 32/eps/cnn/01A.png used on input line 215.
(pdftex.def)             Requested size: 108.04163pt x 80.62053pt.
 <32/eps/cnn/1A.png, id=46, 578.16pt x 431.4519pt>
File: 32/eps/cnn/1A.png Graphic file (type png)

<use 32/eps/cnn/1A.png>
Package pdftex.def Info: 32/eps/cnn/1A.png used on input line 216.
(pdftex.def)             Requested size: 108.04163pt x 80.62053pt.
 <32/eps/nn/0001E.png, id=47, 578.16pt x 431.4519pt>
File: 32/eps/nn/0001E.png Graphic file (type png)

<use 32/eps/nn/0001E.png>
Package pdftex.def Info: 32/eps/nn/0001E.png used on input line 226.
(pdftex.def)             Requested size: 108.04163pt x 80.62053pt.
 <32/eps/nn/001E.png, id=48, 578.16pt x 431.4519pt>
File: 32/eps/nn/001E.png Graphic file (type png)

<use 32/eps/nn/001E.png>
Package pdftex.def Info: 32/eps/nn/001E.png used on input line 227.
(pdftex.def)             Requested size: 108.04163pt x 80.62053pt.
 <32/eps/nn/01E.png, id=49, 578.16pt x 431.4519pt>
File: 32/eps/nn/01E.png Graphic file (type png)

<use 32/eps/nn/01E.png>
Package pdftex.def Info: 32/eps/nn/01E.png used on input line 228.
(pdftex.def)             Requested size: 108.04163pt x 80.62053pt.
 <32/eps/nn/1E.png, id=50, 578.16pt x 431.4519pt>
File: 32/eps/nn/1E.png Graphic file (type png)

<use 32/eps/nn/1E.png>
Package pdftex.def Info: 32/eps/nn/1E.png used on input line 229.
(pdftex.def)             Requested size: 108.04163pt x 80.62053pt.
 <32/eps/cnn/0001E.png, id=51, 578.16pt x 431.4519pt>
File: 32/eps/cnn/0001E.png Graphic file (type png)

<use 32/eps/cnn/0001E.png>
Package pdftex.def Info: 32/eps/cnn/0001E.png used on input line 231.
(pdftex.def)             Requested size: 108.04163pt x 80.62053pt.
 <32/eps/cnn/001E.png, id=52, 578.16pt x 431.4519pt>
File: 32/eps/cnn/001E.png Graphic file (type png)

<use 32/eps/cnn/001E.png>
Package pdftex.def Info: 32/eps/cnn/001E.png used on input line 232.
(pdftex.def)             Requested size: 108.04163pt x 80.62053pt.
 <32/eps/cnn/01E.png, id=53, 578.16pt x 431.4519pt>
File: 32/eps/cnn/01E.png Graphic file (type png)

<use 32/eps/cnn/01E.png>
Package pdftex.def Info: 32/eps/cnn/01E.png used on input line 233.
(pdftex.def)             Requested size: 108.04163pt x 80.62053pt.
 <32/eps/cnn/1E.png, id=54, 578.16pt x 431.4519pt>
File: 32/eps/cnn/1E.png Graphic file (type png)

<use 32/eps/cnn/1E.png>
Package pdftex.def Info: 32/eps/cnn/1E.png used on input line 234.
(pdftex.def)             Requested size: 108.04163pt x 80.62053pt.
 <32/eps/nn/Accuracy.png, id=55, 578.16pt x 431.4519pt>
File: 32/eps/nn/Accuracy.png Graphic file (type png)

<use 32/eps/nn/Accuracy.png>
Package pdftex.def Info: 32/eps/nn/Accuracy.png used on input line 244.
(pdftex.def)             Requested size: 187.89912pt x 140.2202pt.

<32/eps/nn/Error.png, id=56, 578.16pt x 431.4519pt>
File: 32/eps/nn/Error.png Graphic file (type png)
 <use 32/eps/nn/Error.png>
Package pdftex.def Info: 32/eps/nn/Error.png used on input line 245.
(pdftex.def)             Requested size: 187.89912pt x 140.2202pt.

<32/eps/cnn/Accuracy.png, id=57, 578.16pt x 431.4519pt>
File: 32/eps/cnn/Accuracy.png Graphic file (type png)

<use 32/eps/cnn/Accuracy.png>
Package pdftex.def Info: 32/eps/cnn/Accuracy.png used on input line 246.
(pdftex.def)             Requested size: 187.89912pt x 140.2202pt.

<32/eps/cnn/Error.png, id=58, 578.16pt x 431.4519pt>
File: 32/eps/cnn/Error.png Graphic file (type png)

<use 32/eps/cnn/Error.png>
Package pdftex.def Info: 32/eps/cnn/Error.png used on input line 247.
(pdftex.def)             Requested size: 187.89912pt x 140.2202pt.
 [7 <./32/eps/nn/0001A.png> <./32/eps/nn/001A.png> <./32/eps/nn/01A.png> <./32/
eps/nn/1A.png> <./32/eps/cnn/0001A.png> <./32/eps/cnn/001A.png> <./32/eps/cnn/0
1A.png> <./32/eps/cnn/1A.png>]
<32/mom/nn/00A.png, id=71, 578.16pt x 431.4519pt>
File: 32/mom/nn/00A.png Graphic file (type png)
 <use 32/mom/nn/00A.png>
Package pdftex.def Info: 32/mom/nn/00A.png used on input line 259.
(pdftex.def)             Requested size: 108.04163pt x 80.62053pt.

<32/mom/nn/03A.png, id=72, 578.16pt x 431.4519pt>
File: 32/mom/nn/03A.png Graphic file (type png)
 <use 32/mom/nn/03A.png>
Package pdftex.def Info: 32/mom/nn/03A.png used on input line 260.
(pdftex.def)             Requested size: 108.04163pt x 80.62053pt.

<32/mom/nn/06A.png, id=73, 578.16pt x 431.4519pt>
File: 32/mom/nn/06A.png Graphic file (type png)
 <use 32/mom/nn/06A.png>
Package pdftex.def Info: 32/mom/nn/06A.png used on input line 261.
(pdftex.def)             Requested size: 108.04163pt x 80.62053pt.

<32/mom/nn/09A.png, id=74, 578.16pt x 431.4519pt>
File: 32/mom/nn/09A.png Graphic file (type png)
 <use 32/mom/nn/09A.png>
Package pdftex.def Info: 32/mom/nn/09A.png used on input line 262.
(pdftex.def)             Requested size: 108.04163pt x 80.62053pt.

<32/mom/cnn/00A.png, id=75, 578.16pt x 431.4519pt>
File: 32/mom/cnn/00A.png Graphic file (type png)
 <use 32/mom/cnn/00A.png>
Package pdftex.def Info: 32/mom/cnn/00A.png used on input line 264.
(pdftex.def)             Requested size: 108.04163pt x 80.62053pt.

<32/mom/cnn/03A.png, id=76, 578.16pt x 431.4519pt>
File: 32/mom/cnn/03A.png Graphic file (type png)
 <use 32/mom/cnn/03A.png>
Package pdftex.def Info: 32/mom/cnn/03A.png used on input line 265.
(pdftex.def)             Requested size: 108.04163pt x 80.62053pt.

<32/mom/cnn/06A.png, id=77, 578.16pt x 431.4519pt>
File: 32/mom/cnn/06A.png Graphic file (type png)
 <use 32/mom/cnn/06A.png>
Package pdftex.def Info: 32/mom/cnn/06A.png used on input line 266.
(pdftex.def)             Requested size: 108.04163pt x 80.62053pt.

<32/mom/cnn/09A.png, id=78, 578.16pt x 431.4519pt>
File: 32/mom/cnn/09A.png Graphic file (type png)
 <use 32/mom/cnn/09A.png>
Package pdftex.def Info: 32/mom/cnn/09A.png used on input line 267.
(pdftex.def)             Requested size: 108.04163pt x 80.62053pt.

<32/mom/nn/00E.png, id=79, 578.16pt x 431.4519pt>
File: 32/mom/nn/00E.png Graphic file (type png)
 <use 32/mom/nn/00E.png>
Package pdftex.def Info: 32/mom/nn/00E.png used on input line 277.
(pdftex.def)             Requested size: 108.04163pt x 80.62053pt.

<32/mom/nn/03E.png, id=80, 578.16pt x 431.4519pt>
File: 32/mom/nn/03E.png Graphic file (type png)
 <use 32/mom/nn/03E.png>
Package pdftex.def Info: 32/mom/nn/03E.png used on input line 278.
(pdftex.def)             Requested size: 108.04163pt x 80.62053pt.

<32/mom/nn/06E.png, id=81, 578.16pt x 431.4519pt>
File: 32/mom/nn/06E.png Graphic file (type png)
 <use 32/mom/nn/06E.png>
Package pdftex.def Info: 32/mom/nn/06E.png used on input line 279.
(pdftex.def)             Requested size: 108.04163pt x 80.62053pt.

<32/mom/nn/09E.png, id=82, 578.16pt x 431.4519pt>
File: 32/mom/nn/09E.png Graphic file (type png)
 <use 32/mom/nn/09E.png>
Package pdftex.def Info: 32/mom/nn/09E.png used on input line 280.
(pdftex.def)             Requested size: 108.04163pt x 80.62053pt.

<32/mom/cnn/00E.png, id=83, 578.16pt x 431.4519pt>
File: 32/mom/cnn/00E.png Graphic file (type png)
 <use 32/mom/cnn/00E.png>
Package pdftex.def Info: 32/mom/cnn/00E.png used on input line 282.
(pdftex.def)             Requested size: 108.04163pt x 80.62053pt.

<32/mom/cnn/03E.png, id=84, 578.16pt x 431.4519pt>
File: 32/mom/cnn/03E.png Graphic file (type png)
 <use 32/mom/cnn/03E.png>
Package pdftex.def Info: 32/mom/cnn/03E.png used on input line 283.
(pdftex.def)             Requested size: 108.04163pt x 80.62053pt.

<32/mom/cnn/06E.png, id=85, 578.16pt x 431.4519pt>
File: 32/mom/cnn/06E.png Graphic file (type png)
 <use 32/mom/cnn/06E.png>
Package pdftex.def Info: 32/mom/cnn/06E.png used on input line 284.
(pdftex.def)             Requested size: 108.04163pt x 80.62053pt.

<32/mom/cnn/09E.png, id=86, 578.16pt x 431.4519pt>
File: 32/mom/cnn/09E.png Graphic file (type png)
 <use 32/mom/cnn/09E.png>
Package pdftex.def Info: 32/mom/cnn/09E.png used on input line 285.
(pdftex.def)             Requested size: 108.04163pt x 80.62053pt.

<32/mom/nn/Accuracy.png, id=87, 578.16pt x 427.8384pt>
File: 32/mom/nn/Accuracy.png Graphic file (type png)

<use 32/mom/nn/Accuracy.png>
Package pdftex.def Info: 32/mom/nn/Accuracy.png used on input line 295.
(pdftex.def)             Requested size: 187.89912pt x 139.04582pt.

<32/mom/nn/Error.png, id=88, 578.16pt x 427.8384pt>
File: 32/mom/nn/Error.png Graphic file (type png)
 <use 32/mom/nn/Error.png>
Package pdftex.def Info: 32/mom/nn/Error.png used on input line 296.
(pdftex.def)             Requested size: 187.89912pt x 139.04582pt.

<32/mom/cnn/Accuracy.png, id=89, 578.16pt x 427.8384pt>
File: 32/mom/cnn/Accuracy.png Graphic file (type png)

<use 32/mom/cnn/Accuracy.png>
Package pdftex.def Info: 32/mom/cnn/Accuracy.png used on input line 297.
(pdftex.def)             Requested size: 187.89912pt x 139.04582pt.

<32/mom/cnn/Error.png, id=90, 578.16pt x 427.8384pt>
File: 32/mom/cnn/Error.png Graphic file (type png)

<use 32/mom/cnn/Error.png>
Package pdftex.def Info: 32/mom/cnn/Error.png used on input line 298.
(pdftex.def)             Requested size: 187.89912pt x 139.04582pt.
 [8 <./32/eps/nn/0001E.png> <./32/eps/nn/001E.png> <./32/eps/nn/01E.png> <./32/
eps/nn/1E.png> <./32/eps/cnn/0001E.png> <./32/eps/cnn/001E.png> <./32/eps/cnn/0
1E.png> <./32/eps/cnn/1E.png> <./32/eps/nn/Accuracy.png> <./32/eps/nn/Error.png
> <./32/eps/cnn/Accuracy.png> <./32/eps/cnn/Error.png>] <32/batch/nn/1A.png, id
=106, 578.16pt x 427.8384pt>
File: 32/batch/nn/1A.png Graphic file (type png)

<use 32/batch/nn/1A.png>
Package pdftex.def Info: 32/batch/nn/1A.png used on input line 310.
(pdftex.def)             Requested size: 84.55244pt x 62.56703pt.
 <32/batch/nn/10A.png, id=107, 578.16pt x 427.8384pt>
File: 32/batch/nn/10A.png Graphic file (type png)

<use 32/batch/nn/10A.png>
Package pdftex.def Info: 32/batch/nn/10A.png used on input line 311.
(pdftex.def)             Requested size: 84.55244pt x 62.56703pt.

<32/batch/nn/100A.png, id=108, 578.16pt x 431.4519pt>
File: 32/batch/nn/100A.png Graphic file (type png)

<use 32/batch/nn/100A.png>
Package pdftex.def Info: 32/batch/nn/100A.png used on input line 312.
(pdftex.def)             Requested size: 84.55244pt x 63.09546pt.

<32/batch/nn/500A.png, id=109, 578.16pt x 427.8384pt>
File: 32/batch/nn/500A.png Graphic file (type png)

<use 32/batch/nn/500A.png>
Package pdftex.def Info: 32/batch/nn/500A.png used on input line 313.
(pdftex.def)             Requested size: 84.55244pt x 62.56703pt.

<32/batch/nn/1000A.png, id=110, 578.16pt x 427.8384pt>
File: 32/batch/nn/1000A.png Graphic file (type png)

<use 32/batch/nn/1000A.png>
Package pdftex.def Info: 32/batch/nn/1000A.png used on input line 314.
(pdftex.def)             Requested size: 84.55244pt x 62.56703pt.

<32/batch/cnn/1A.png, id=111, 578.16pt x 427.8384pt>
File: 32/batch/cnn/1A.png Graphic file (type png)
 <use 32/batch/cnn/1A.png>
Package pdftex.def Info: 32/batch/cnn/1A.png used on input line 316.
(pdftex.def)             Requested size: 84.55244pt x 62.56703pt.

<32/batch/cnn/10A.png, id=112, 578.16pt x 427.8384pt>
File: 32/batch/cnn/10A.png Graphic file (type png)

<use 32/batch/cnn/10A.png>
Package pdftex.def Info: 32/batch/cnn/10A.png used on input line 317.
(pdftex.def)             Requested size: 84.55244pt x 62.56703pt.

<32/batch/cnn/100A.png, id=113, 578.16pt x 431.4519pt>
File: 32/batch/cnn/100A.png Graphic file (type png)

<use 32/batch/cnn/100A.png>
Package pdftex.def Info: 32/batch/cnn/100A.png used on input line 318.
(pdftex.def)             Requested size: 84.55244pt x 63.09546pt.

<32/batch/cnn/500A.png, id=114, 578.16pt x 427.8384pt>
File: 32/batch/cnn/500A.png Graphic file (type png)

<use 32/batch/cnn/500A.png>
Package pdftex.def Info: 32/batch/cnn/500A.png used on input line 319.
(pdftex.def)             Requested size: 84.55244pt x 62.56703pt.

<32/batch/cnn/1000A.png, id=115, 578.16pt x 431.4519pt>
File: 32/batch/cnn/1000A.png Graphic file (type png)

<use 32/batch/cnn/1000A.png>
Package pdftex.def Info: 32/batch/cnn/1000A.png used on input line 320.
(pdftex.def)             Requested size: 84.55244pt x 63.09546pt.

<32/batch/nn/1E.png, id=116, 578.16pt x 427.8384pt>
File: 32/batch/nn/1E.png Graphic file (type png)
 <use 32/batch/nn/1E.png>
Package pdftex.def Info: 32/batch/nn/1E.png used on input line 330.
(pdftex.def)             Requested size: 84.55244pt x 62.56703pt.

<32/batch/nn/10E.png, id=117, 578.16pt x 427.8384pt>
File: 32/batch/nn/10E.png Graphic file (type png)
 <use 32/batch/nn/10E.png>
Package pdftex.def Info: 32/batch/nn/10E.png used on input line 331.
(pdftex.def)             Requested size: 84.55244pt x 62.56703pt.

<32/batch/nn/100E.png, id=118, 578.16pt x 431.4519pt>
File: 32/batch/nn/100E.png Graphic file (type png)

<use 32/batch/nn/100E.png>
Package pdftex.def Info: 32/batch/nn/100E.png used on input line 332.
(pdftex.def)             Requested size: 84.55244pt x 63.09546pt.

<32/batch/nn/500E.png, id=119, 578.16pt x 427.8384pt>
File: 32/batch/nn/500E.png Graphic file (type png)

<use 32/batch/nn/500E.png>
Package pdftex.def Info: 32/batch/nn/500E.png used on input line 333.
(pdftex.def)             Requested size: 84.55244pt x 62.56703pt.

<32/batch/nn/1000E.png, id=120, 578.16pt x 427.8384pt>
File: 32/batch/nn/1000E.png Graphic file (type png)

<use 32/batch/nn/1000E.png>
Package pdftex.def Info: 32/batch/nn/1000E.png used on input line 334.
(pdftex.def)             Requested size: 84.55244pt x 62.56703pt.

<32/batch/cnn/1E.png, id=121, 578.16pt x 427.8384pt>
File: 32/batch/cnn/1E.png Graphic file (type png)
 <use 32/batch/cnn/1E.png>
Package pdftex.def Info: 32/batch/cnn/1E.png used on input line 336.
(pdftex.def)             Requested size: 84.55244pt x 62.56703pt.

<32/batch/cnn/10E.png, id=122, 578.16pt x 427.8384pt>
File: 32/batch/cnn/10E.png Graphic file (type png)

<use 32/batch/cnn/10E.png>
Package pdftex.def Info: 32/batch/cnn/10E.png used on input line 337.
(pdftex.def)             Requested size: 84.55244pt x 62.56703pt.

<32/batch/cnn/100E.png, id=123, 578.16pt x 431.4519pt>
File: 32/batch/cnn/100E.png Graphic file (type png)

<use 32/batch/cnn/100E.png>
Package pdftex.def Info: 32/batch/cnn/100E.png used on input line 338.
(pdftex.def)             Requested size: 84.55244pt x 63.09546pt.

<32/batch/cnn/500E.png, id=124, 578.16pt x 427.8384pt>
File: 32/batch/cnn/500E.png Graphic file (type png)

<use 32/batch/cnn/500E.png>
Package pdftex.def Info: 32/batch/cnn/500E.png used on input line 339.
(pdftex.def)             Requested size: 84.55244pt x 62.56703pt.

<32/batch/cnn/1000E.png, id=125, 578.16pt x 431.4519pt>
File: 32/batch/cnn/1000E.png Graphic file (type png)

<use 32/batch/cnn/1000E.png>
Package pdftex.def Info: 32/batch/cnn/1000E.png used on input line 340.
(pdftex.def)             Requested size: 84.55244pt x 63.09546pt.

<32/batch/nn/Accuracy.png, id=126, 578.16pt x 427.8384pt>
File: 32/batch/nn/Accuracy.png Graphic file (type png)

<use 32/batch/nn/Accuracy.png>
Package pdftex.def Info: 32/batch/nn/Accuracy.png used on input line 350.
(pdftex.def)             Requested size: 187.89912pt x 139.04582pt.

<32/batch/nn/Error.png, id=127, 578.16pt x 427.8384pt>
File: 32/batch/nn/Error.png Graphic file (type png)

<use 32/batch/nn/Error.png>
Package pdftex.def Info: 32/batch/nn/Error.png used on input line 351.
(pdftex.def)             Requested size: 187.89912pt x 139.04582pt.

<32/batch/cnn/Accuracy.png, id=128, 578.16pt x 427.8384pt>
File: 32/batch/cnn/Accuracy.png Graphic file (type png)

<use 32/batch/cnn/Accuracy.png>
Package pdftex.def Info: 32/batch/cnn/Accuracy.png used on input line 352.
(pdftex.def)             Requested size: 187.89912pt x 139.04582pt.

<32/batch/cnn/Error.png, id=129, 578.16pt x 427.8384pt>
File: 32/batch/cnn/Error.png Graphic file (type png)

<use 32/batch/cnn/Error.png>
Package pdftex.def Info: 32/batch/cnn/Error.png used on input line 353.
(pdftex.def)             Requested size: 187.89912pt x 139.04582pt.
 [9 <./32/mom/nn/00A.png> <./32/mom/nn/03A.png> <./32/mom/nn/06A.png> <./32/mom
/nn/09A.png> <./32/mom/cnn/00A.png> <./32/mom/cnn/03A.png> <./32/mom/cnn/06A.pn
g> <./32/mom/cnn/09A.png> <./32/mom/nn/00E.png> <./32/mom/nn/03E.png> <./32/mom
/nn/06E.png> <./32/mom/nn/09E.png> <./32/mom/cnn/00E.png> <./32/mom/cnn/03E.png
> <./32/mom/cnn/06E.png> <./32/mom/cnn/09E.png>]
[10 <./32/mom/nn/Accuracy.png> <./32/mom/nn/Error.png> <./32/mom/cnn/Accuracy.p
ng> <./32/mom/cnn/Error.png> <./32/batch/nn/1A.png> <./32/batch/nn/10A.png> <./
32/batch/nn/100A.png> <./32/batch/nn/500A.png> <./32/batch/nn/1000A.png> <./32/
batch/cnn/1A.png> <./32/batch/cnn/10A.png> <./32/batch/cnn/100A.png> <./32/batc
h/cnn/500A.png> <./32/batch/cnn/1000A.png>]
<33/nn/2-32A.jpg, id=166, 803.0pt x 599.23875pt>
File: 33/nn/2-32A.jpg Graphic file (type jpg)
 <use 33/nn/2-32A.jpg>
Package pdftex.def Info: 33/nn/2-32A.jpg used on input line 368.
(pdftex.def)             Requested size: 140.92792pt x 105.16095pt.

<33/nn/50-32A.jpg, id=167, 803.0pt x 599.23875pt>
File: 33/nn/50-32A.jpg Graphic file (type jpg)
 <use 33/nn/50-32A.jpg>
Package pdftex.def Info: 33/nn/50-32A.jpg used on input line 369.
(pdftex.def)             Requested size: 140.92792pt x 105.16095pt.

<33/nn/100-32A.jpg, id=168, 803.0pt x 599.23875pt>
File: 33/nn/100-32A.jpg Graphic file (type jpg)
 <use 33/nn/100-32A.jpg>
Package pdftex.def Info: 33/nn/100-32A.jpg used on input line 370.
(pdftex.def)             Requested size: 140.92792pt x 105.16095pt.

<33/nn/2-32E.jpg, id=169, 803.0pt x 599.23875pt>
File: 33/nn/2-32E.jpg Graphic file (type jpg)
 <use 33/nn/2-32E.jpg>
Package pdftex.def Info: 33/nn/2-32E.jpg used on input line 372.
(pdftex.def)             Requested size: 140.92792pt x 105.16095pt.

<33/nn/50-32E.jpg, id=170, 803.0pt x 599.23875pt>
File: 33/nn/50-32E.jpg Graphic file (type jpg)
 <use 33/nn/50-32E.jpg>
Package pdftex.def Info: 33/nn/50-32E.jpg used on input line 373.
(pdftex.def)             Requested size: 140.92792pt x 105.16095pt.

<33/nn/100-32E.jpg, id=171, 803.0pt x 599.23875pt>
File: 33/nn/100-32E.jpg Graphic file (type jpg)
 <use 33/nn/100-32E.jpg>
Package pdftex.def Info: 33/nn/100-32E.jpg used on input line 374.
(pdftex.def)             Requested size: 140.92792pt x 105.16095pt.

<33/nn/16-2A.jpg, id=172, 803.0pt x 599.23875pt>
File: 33/nn/16-2A.jpg Graphic file (type jpg)
 <use 33/nn/16-2A.jpg>
Package pdftex.def Info: 33/nn/16-2A.jpg used on input line 383.
(pdftex.def)             Requested size: 140.92792pt x 105.16095pt.

<33/nn/16-50A.jpg, id=173, 803.0pt x 599.23875pt>
File: 33/nn/16-50A.jpg Graphic file (type jpg)
 <use 33/nn/16-50A.jpg>
Package pdftex.def Info: 33/nn/16-50A.jpg used on input line 384.
(pdftex.def)             Requested size: 140.92792pt x 105.16095pt.

<33/nn/16-100A.jpg, id=174, 803.0pt x 599.23875pt>
File: 33/nn/16-100A.jpg Graphic file (type jpg)
 <use 33/nn/16-100A.jpg>
Package pdftex.def Info: 33/nn/16-100A.jpg used on input line 385.
(pdftex.def)             Requested size: 140.92792pt x 105.16095pt.

<33/nn/16-2E.jpg, id=175, 803.0pt x 599.23875pt>
File: 33/nn/16-2E.jpg Graphic file (type jpg)
 <use 33/nn/16-2E.jpg>
Package pdftex.def Info: 33/nn/16-2E.jpg used on input line 387.
(pdftex.def)             Requested size: 140.92792pt x 105.16095pt.

<33/nn/16-50E.jpg, id=176, 803.0pt x 599.23875pt>
File: 33/nn/16-50E.jpg Graphic file (type jpg)
 <use 33/nn/16-50E.jpg>
Package pdftex.def Info: 33/nn/16-50E.jpg used on input line 388.
(pdftex.def)             Requested size: 140.92792pt x 105.16095pt.

<33/nn/16-100E.jpg, id=177, 803.0pt x 599.23875pt>
File: 33/nn/16-100E.jpg Graphic file (type jpg)
 <use 33/nn/16-100E.jpg>
Package pdftex.def Info: 33/nn/16-100E.jpg used on input line 389.
(pdftex.def)             Requested size: 140.92792pt x 105.16095pt.

<33/nn/1Accuracy.jpg, id=178, 803.0pt x 599.23875pt>
File: 33/nn/1Accuracy.jpg Graphic file (type jpg)
 <use 33/nn/1Accuracy.jpg>
Package pdftex.def Info: 33/nn/1Accuracy.jpg used on input line 398.
(pdftex.def)             Requested size: 187.89912pt x 140.21764pt.

<33/nn/1Error.jpg, id=179, 803.0pt x 599.23875pt>
File: 33/nn/1Error.jpg Graphic file (type jpg)
 <use 33/nn/1Error.jpg>
Package pdftex.def Info: 33/nn/1Error.jpg used on input line 399.
(pdftex.def)             Requested size: 187.89912pt x 140.21764pt.

<33/nn/2Accuracy.jpg, id=180, 803.0pt x 599.23875pt>
File: 33/nn/2Accuracy.jpg Graphic file (type jpg)
 <use 33/nn/2Accuracy.jpg>
Package pdftex.def Info: 33/nn/2Accuracy.jpg used on input line 401.
(pdftex.def)             Requested size: 187.89912pt x 140.21764pt.

<33/nn/2Error.jpg, id=181, 803.0pt x 599.23875pt>
File: 33/nn/2Error.jpg Graphic file (type jpg)
 <use 33/nn/2Error.jpg>
Package pdftex.def Info: 33/nn/2Error.jpg used on input line 402.
(pdftex.def)             Requested size: 187.89912pt x 140.21764pt.

[11 <./32/batch/nn/1E.png> <./32/batch/nn/10E.png> <./32/batch/nn/100E.png> <./
32/batch/nn/500E.png> <./32/batch/nn/1000E.png> <./32/batch/cnn/1E.png> <./32/b
atch/cnn/10E.png> <./32/batch/cnn/100E.png> <./32/batch/cnn/500E.png> <./32/bat
ch/cnn/1000E.png> <./32/batch/nn/Accuracy.png> <./32/batch/nn/Error.png> <./32/
batch/cnn/Accuracy.png> <./32/batch/cnn/Error.png>]
<33/cnn/2-16A.jpg, id=199, 803.0pt x 599.23875pt>
File: 33/cnn/2-16A.jpg Graphic file (type jpg)
 <use 33/cnn/2-16A.jpg>
Package pdftex.def Info: 33/cnn/2-16A.jpg used on input line 415.
(pdftex.def)             Requested size: 140.92792pt x 105.16095pt.

<33/cnn/15-16A.jpg, id=200, 803.0pt x 599.23875pt>
File: 33/cnn/15-16A.jpg Graphic file (type jpg)
 <use 33/cnn/15-16A.jpg>
Package pdftex.def Info: 33/cnn/15-16A.jpg used on input line 416.
(pdftex.def)             Requested size: 140.92792pt x 105.16095pt.

<33/cnn/30-16A.jpg, id=201, 803.0pt x 599.23875pt>
File: 33/cnn/30-16A.jpg Graphic file (type jpg)
 <use 33/cnn/30-16A.jpg>
Package pdftex.def Info: 33/cnn/30-16A.jpg used on input line 417.
(pdftex.def)             Requested size: 140.92792pt x 105.16095pt.

<33/cnn/2-16E.jpg, id=202, 803.0pt x 599.23875pt>
File: 33/cnn/2-16E.jpg Graphic file (type jpg)
 <use 33/cnn/2-16E.jpg>
Package pdftex.def Info: 33/cnn/2-16E.jpg used on input line 419.
(pdftex.def)             Requested size: 140.92792pt x 105.16095pt.

<33/cnn/15-16E.jpg, id=203, 803.0pt x 599.23875pt>
File: 33/cnn/15-16E.jpg Graphic file (type jpg)
 <use 33/cnn/15-16E.jpg>
Package pdftex.def Info: 33/cnn/15-16E.jpg used on input line 420.
(pdftex.def)             Requested size: 140.92792pt x 105.16095pt.

<33/cnn/30-16E.jpg, id=204, 803.0pt x 599.23875pt>
File: 33/cnn/30-16E.jpg Graphic file (type jpg)
 <use 33/cnn/30-16E.jpg>
Package pdftex.def Info: 33/cnn/30-16E.jpg used on input line 421.
(pdftex.def)             Requested size: 140.92792pt x 105.16095pt.

[12 <./33/nn/2-32A.jpg> <./33/nn/50-32A.jpg> <./33/nn/100-32A.jpg> <./33/nn/2-3
2E.jpg> <./33/nn/50-32E.jpg> <./33/nn/100-32E.jpg> <./33/nn/16-2A.jpg> <./33/nn
/16-50A.jpg> <./33/nn/16-100A.jpg> <./33/nn/16-2E.jpg> <./33/nn/16-50E.jpg> <./
33/nn/16-100E.jpg>] <33/cnn/8-2A.jpg, id=208, 803.0pt x 599.23875pt>
File: 33/cnn/8-2A.jpg Graphic file (type jpg)

<use 33/cnn/8-2A.jpg>
Package pdftex.def Info: 33/cnn/8-2A.jpg used on input line 430.
(pdftex.def)             Requested size: 140.92792pt x 105.16095pt.
 <33/cnn/8-15A.jpg, id=209, 803.0pt x 599.23875pt>
File: 33/cnn/8-15A.jpg Graphic file (type jpg)

<use 33/cnn/8-15A.jpg>
Package pdftex.def Info: 33/cnn/8-15A.jpg used on input line 431.
(pdftex.def)             Requested size: 140.92792pt x 105.16095pt.
 <33/cnn/8-30A.jpg, id=210, 803.0pt x 599.23875pt>
File: 33/cnn/8-30A.jpg Graphic file (type jpg)

<use 33/cnn/8-30A.jpg>
Package pdftex.def Info: 33/cnn/8-30A.jpg used on input line 432.
(pdftex.def)             Requested size: 140.92792pt x 105.16095pt.
 <33/cnn/8-2E.jpg, id=211, 803.0pt x 599.23875pt>
File: 33/cnn/8-2E.jpg Graphic file (type jpg)

<use 33/cnn/8-2E.jpg>
Package pdftex.def Info: 33/cnn/8-2E.jpg used on input line 434.
(pdftex.def)             Requested size: 140.92792pt x 105.16095pt.
 <33/cnn/8-15E.jpg, id=212, 803.0pt x 599.23875pt>
File: 33/cnn/8-15E.jpg Graphic file (type jpg)

<use 33/cnn/8-15E.jpg>
Package pdftex.def Info: 33/cnn/8-15E.jpg used on input line 435.
(pdftex.def)             Requested size: 140.92792pt x 105.16095pt.
 <33/cnn/8-30E.jpg, id=213, 803.0pt x 599.23875pt>
File: 33/cnn/8-30E.jpg Graphic file (type jpg)

<use 33/cnn/8-30E.jpg>
Package pdftex.def Info: 33/cnn/8-30E.jpg used on input line 436.
(pdftex.def)             Requested size: 140.92792pt x 105.16095pt.
 <33/cnn/1Accuracy.jpg, id=214, 803.0pt x 599.23875pt>
File: 33/cnn/1Accuracy.jpg Graphic file (type jpg)

<use 33/cnn/1Accuracy.jpg>
Package pdftex.def Info: 33/cnn/1Accuracy.jpg used on input line 445.
(pdftex.def)             Requested size: 187.89912pt x 140.21764pt.
 <33/cnn/1Error.jpg, id=215, 803.0pt x 599.23875pt>
File: 33/cnn/1Error.jpg Graphic file (type jpg)

<use 33/cnn/1Error.jpg>
Package pdftex.def Info: 33/cnn/1Error.jpg used on input line 446.
(pdftex.def)             Requested size: 187.89912pt x 140.21764pt.
 <33/cnn/2Accuracy.jpg, id=216, 803.0pt x 599.23875pt>
File: 33/cnn/2Accuracy.jpg Graphic file (type jpg)

<use 33/cnn/2Accuracy.jpg>
Package pdftex.def Info: 33/cnn/2Accuracy.jpg used on input line 448.
(pdftex.def)             Requested size: 187.89912pt x 140.21764pt.
 <33/cnn/2Error.jpg, id=217, 803.0pt x 599.23875pt>
File: 33/cnn/2Error.jpg Graphic file (type jpg)

<use 33/cnn/2Error.jpg>
Package pdftex.def Info: 33/cnn/2Error.jpg used on input line 449.
(pdftex.def)             Requested size: 187.89912pt x 140.21764pt.
 [13 <./33/nn/1Accuracy.jpg> <./33/nn/1Error.jpg> <./33/nn/2Accuracy.jpg> <./33
/nn/2Error.jpg> <./33/cnn/2-16A.jpg> <./33/cnn/15-16A.jpg> <./33/cnn/30-16A.jpg
> <./33/cnn/2-16E.jpg> <./33/cnn/15-16E.jpg> <./33/cnn/30-16E.jpg>] [14 <./33/c
nn/8-2A.jpg> <./33/cnn/8-15A.jpg> <./33/cnn/8-30A.jpg> <./33/cnn/8-2E.jpg> <./3
3/cnn/8-15E.jpg> <./33/cnn/8-30E.jpg> <./33/cnn/1Accuracy.jpg> <./33/cnn/1Error
.jpg> <./33/cnn/2Accuracy.jpg> <./33/cnn/2Error.jpg>]
<34/cnnVis.jpg, id=225, 1452.92813pt x 216.81pt>
File: 34/cnnVis.jpg Graphic file (type jpg)
 <use 34/cnnVis.jpg>
Package pdftex.def Info: 34/cnnVis.jpg used on input line 473.
(pdftex.def)             Requested size: 281.85585pt x 42.05777pt.

<34/nnVis.jpg, id=226, 1498.09688pt x 347.79938pt>
File: 34/nnVis.jpg Graphic file (type jpg)
 <use 34/nnVis.jpg>
Package pdftex.def Info: 34/nnVis.jpg used on input line 482.
(pdftex.def)             Requested size: 281.85585pt x 65.4351pt.

<35/Sample1.jpg, id=227, 602.25pt x 449.42906pt>
File: 35/Sample1.jpg Graphic file (type jpg)
 <use 35/Sample1.jpg>
Package pdftex.def Info: 35/Sample1.jpg used on input line 494.
(pdftex.def)             Requested size: 140.92792pt x 105.16322pt.

<35/Sample2.jpg, id=228, 602.25pt x 449.42906pt>
File: 35/Sample2.jpg Graphic file (type jpg)
 <use 35/Sample2.jpg>
Package pdftex.def Info: 35/Sample2.jpg used on input line 495.
(pdftex.def)             Requested size: 140.92792pt x 105.16322pt.

<35/Sample3.jpg, id=229, 602.25pt x 449.42906pt>
File: 35/Sample3.jpg Graphic file (type jpg)
 <use 35/Sample3.jpg>
Package pdftex.def Info: 35/Sample3.jpg used on input line 496.
(pdftex.def)             Requested size: 140.92792pt x 105.16322pt.
 [15 <./34/cnnVis.jpg> <./34/nnVis.jpg>] <42/1mean.jpg, id=233, 1493.58pt x 261
.97874pt>
File: 42/1mean.jpg Graphic file (type jpg)

<use 42/1mean.jpg>
Package pdftex.def Info: 42/1mean.jpg used on input line 512.
(pdftex.def)             Requested size: 281.85585pt x 49.43669pt.
 <42/1var.jpg, id=234, 1484.54625pt x 266.49562pt>
File: 42/1var.jpg Graphic file (type jpg)

<use 42/1var.jpg>
Package pdftex.def Info: 42/1var.jpg used on input line 513.
(pdftex.def)             Requested size: 281.85585pt x 50.59402pt.
 <42/1like.jpg, id=235, 602.25pt x 449.42906pt>
File: 42/1like.jpg Graphic file (type jpg)

<use 42/1like.jpg>
Package pdftex.def Info: 42/1like.jpg used on input line 523.
(pdftex.def)             Requested size: 281.85585pt x 210.34018pt.
 <43/original.jpg, id=236, 602.25pt x 449.42906pt>
File: 43/original.jpg Graphic file (type jpg)

<use 43/original.jpg>
Package pdftex.def Info: 43/original.jpg used on input line 536.
(pdftex.def)             Requested size: 281.85585pt x 210.34018pt.
 <43/kmeans.jpg, id=237, 602.25pt x 449.42906pt>
File: 43/kmeans.jpg Graphic file (type jpg)

<use 43/kmeans.jpg>
Package pdftex.def Info: 43/kmeans.jpg used on input line 545.
(pdftex.def)             Requested size: 281.85585pt x 210.34018pt.
 <44/7.jpg, id=238, 602.25pt x 449.42906pt>
File: 44/7.jpg Graphic file (type jpg)
 <use 44/7.jpg>
Package pdftex.def Info: 44/7.jpg used on input line 557.
(pdftex.def)             Requested size: 281.85585pt x 210.34018pt.

[16 <./35/Sample1.jpg> <./35/Sample2.jpg> <./35/Sample3.jpg> <./42/1mean.jpg> <
./42/1var.jpg>] [17 <./42/1like.jpg> <./43/original.jpg>] [18 <./43/kmeans.jpg>
 <./44/7.jpg>] (hw2-411-result.aux)

LaTeX Warning: There were multiply-defined labels.

 ) 
Here is how much of TeX's memory you used:
 3108 strings out of 493333
 44018 string characters out of 3139190
 103524 words of memory out of 3000000
 6509 multiletter control sequences out of 15000+200000
 12265 words of font info for 45 fonts, out of 3000000 for 9000
 1141 hyphenation exceptions out of 8191
 40i,22n,26p,1298b,225s stack positions out of 5000i,500n,10000p,200000b,50000s
<C:/Program Files/MiKTeX 2.9/fonts/type1/public/amsfonts/cm/cmbx12.pfb><C:/Pr
ogram Files/MiKTeX 2.9/fonts/type1/public/amsfonts/cm/cmbx8.pfb><C:/Program Fil
es/MiKTeX 2.9/fonts/type1/public/amsfonts/cm/cmex10.pfb><C:/Program Files/MiKTe
X 2.9/fonts/type1/public/amsfonts/cm/cmmi12.pfb><C:/Program Files/MiKTeX 2.9/fo
nts/type1/public/amsfonts/cm/cmmi6.pfb><C:/Program Files/MiKTeX 2.9/fonts/type1
/public/amsfonts/cm/cmmi8.pfb><C:/Program Files/MiKTeX 2.9/fonts/type1/public/a
msfonts/cm/cmmib10.pfb><C:/Program Files/MiKTeX 2.9/fonts/type1/public/amsfonts
/cm/cmr12.pfb><C:/Program Files/MiKTeX 2.9/fonts/type1/public/amsfonts/cm/cmr6.
pfb><C:/Program Files/MiKTeX 2.9/fonts/type1/public/amsfonts/cm/cmr8.pfb><C:/Pr
ogram Files/MiKTeX 2.9/fonts/type1/public/amsfonts/cm/cmsy10.pfb><C:/Program Fi
les/MiKTeX 2.9/fonts/type1/public/amsfonts/cm/cmsy6.pfb><C:/Program Files/MiKTe
X 2.9/fonts/type1/public/amsfonts/cm/cmsy8.pfb>
Output written on hw2-411-result.pdf (18 pages, 6239379 bytes).
PDF statistics:
 289 PDF objects out of 1000 (max. 8388607)
 0 named destinations out of 1000 (max. 500000)
 561 words of extra memory for PDF output out of 10000 (max. 10000000)

